[WARNING] 2026-06-10 22:58:49,159 log — Not Found: /
[WARNING] 2026-06-10 22:58:49,159 log — Not Found: /
[WARNING] 2026-06-10 22:58:49,160 basehttp — "GET / HTTP/1.1" 404 3614
[WARNING] 2026-06-10 22:58:49,160 basehttp — "GET / HTTP/1.1" 404 3614
[WARNING] 2026-06-10 22:58:49,313 log — Not Found: /favicon.ico
[WARNING] 2026-06-10 22:58:49,313 log — Not Found: /favicon.ico
[WARNING] 2026-06-10 22:58:49,316 basehttp — "GET /favicon.ico HTTP/1.1" 404 3665
[WARNING] 2026-06-10 22:58:49,316 basehttp — "GET /favicon.ico HTTP/1.1" 404 3665
[WARNING] 2026-06-10 23:02:38,246 log — Bad Request: /api/auth/token/refresh/
[WARNING] 2026-06-10 23:02:38,246 log — Bad Request: /api/auth/token/refresh/
[WARNING] 2026-06-10 23:02:38,247 basehttp — "POST /api/auth/token/refresh/ HTTP/1.1" 400 40
[WARNING] 2026-06-10 23:02:38,247 basehttp — "POST /api/auth/token/refresh/ HTTP/1.1" 400 40
[WARNING] 2026-06-10 23:04:20,492 log — Unauthorized: /api/auth/me/
[WARNING] 2026-06-10 23:04:20,492 log — Unauthorized: /api/auth/me/
[WARNING] 2026-06-10 23:04:20,493 basehttp — "GET /api/auth/me/ HTTP/1.1" 401 65
[WARNING] 2026-06-10 23:04:20,493 basehttp — "GET /api/auth/me/ HTTP/1.1" 401 65
[WARNING] 2026-06-10 23:05:22,958 log — Unauthorized: /api/auth/change-password/
[WARNING] 2026-06-10 23:05:22,958 log — Unauthorized: /api/auth/change-password/
[WARNING] 2026-06-10 23:05:22,959 basehttp — "POST /api/auth/change-password/ HTTP/1.1" 401 65
[WARNING] 2026-06-10 23:05:22,959 basehttp — "POST /api/auth/change-password/ HTTP/1.1" 401 65
[WARNING] 2026-06-13 15:29:10,402 log — Not Found: /
[WARNING] 2026-06-13 15:29:10,402 log — Not Found: /
[WARNING] 2026-06-13 15:29:10,410 basehttp — "GET / HTTP/1.1" 404 3614
[WARNING] 2026-06-13 15:29:10,410 basehttp — "GET / HTTP/1.1" 404 3614
[WARNING] 2026-06-13 15:29:10,764 log — Not Found: /favicon.ico
[WARNING] 2026-06-13 15:29:10,764 log — Not Found: /favicon.ico
[WARNING] 2026-06-13 15:29:10,765 basehttp — "GET /favicon.ico HTTP/1.1" 404 3665
[WARNING] 2026-06-13 15:29:10,765 basehttp — "GET /favicon.ico HTTP/1.1" 404 3665
[WARNING] 2026-06-13 15:37:30,756 log — Not Found: /
[WARNING] 2026-06-13 15:37:30,756 log — Not Found: /
[WARNING] 2026-06-13 15:37:30,757 basehttp — "GET / HTTP/1.1" 404 3614
[WARNING] 2026-06-13 15:37:30,757 basehttp — "GET / HTTP/1.1" 404 3614
[WARNING] 2026-06-13 15:37:31,090 log — Not Found: /favicon.ico
[WARNING] 2026-06-13 15:37:31,090 log — Not Found: /favicon.ico
[WARNING] 2026-06-13 15:37:31,091 basehttp — "GET /favicon.ico HTTP/1.1" 404 3665
[WARNING] 2026-06-13 15:37:31,091 basehttp — "GET /favicon.ico HTTP/1.1" 404 3665
